<?xml version="1.0" encoding="UTF-8"?>
<!-- Generated by org.testng.reporters.JUnitReportReporter -->
<testsuite hostname="DESKTOP-REET03P" failures="0" tests="1" name="seleniumPractice.edge" time="14.553" errors="0" timestamp="2024-09-04T15:56:24 IST" skipped="0">
  <testcase classname="seleniumPractice.edge" name="edgem" time="14.553"/>
</testsuite> <!-- seleniumPractice.edge -->
