<?xml version="1.0" encoding="UTF-8"?>
<!-- Generated by org.testng.reporters.JUnitReportReporter -->
<testsuite hostname="DESKTOP-REET03P" failures="0" tests="5" name="seleniumPractice.LoginAndLogo" time="21.399" errors="0" timestamp="2024-12-05T11:28:49 IST" skipped="0">
  <testcase classname="seleniumPractice.LoginAndLogo" name="openPage" time="10.446"/>
  <testcase classname="seleniumPractice.LoginAndLogo" name="displayLogo" time="0.484"/>
  <testcase classname="seleniumPractice.LoginAndLogo" name="pageLogin" time="2.291"/>
  <testcase classname="seleniumPractice.LoginAndLogo" name="pageLogout" time="7.443"/>
  <testcase classname="seleniumPractice.LoginAndLogo" name="pageClose" time="0.735"/>
</testsuite> <!-- seleniumPractice.LoginAndLogo -->
